<?xml version="1.0" encoding="UTF-8"?>
<testng-results skipped="0" failed="0" total="1" passed="1">
  <reporter-output>
  </reporter-output>
  <suite name="Suite" duration-ms="10878" started-at="2019-01-30T02:54:02Z" finished-at="2019-01-30T02:54:13Z">
    <groups>
      <group name="cucumber">
        <method signature="AbstractTestNGCucumberTests.feature(cucumber.api.testng.CucumberFeatureWrapper)[pri:0, instance:runner.SwLoginRunner@f6c48ac]" name="feature" class="cucumber.api.testng.AbstractTestNGCucumberTests"/>
      </group> <!-- cucumber -->
    </groups>
    <test name="Test" duration-ms="10878" started-at="2019-01-30T02:54:02Z" finished-at="2019-01-30T02:54:13Z">
      <class name="runner.SwLoginRunner">
        <test-method status="PASS" signature="setUpClass()[pri:0, instance:runner.SwLoginRunner@f6c48ac]" name="setUpClass" is-config="true" duration-ms="406" started-at="2019-01-30T08:24:02Z" finished-at="2019-01-30T08:24:03Z">
          <reporter-output>
          </reporter-output>
        </test-method> <!-- setUpClass -->
        <test-method status="PASS" signature="feature(cucumber.api.testng.CucumberFeatureWrapper)[pri:0, instance:runner.SwLoginRunner@f6c48ac]" name="feature" duration-ms="10069" started-at="2019-01-30T08:24:03Z" description="Runs Cucumber Feature" data-provider="features" finished-at="2019-01-30T08:24:13Z">
          <params>
            <param index="0">
              <value>
                <![CDATA[Login to application]]>
              </value>
            </param>
          </params>
          <reporter-output>
          </reporter-output>
        </test-method> <!-- feature -->
        <test-method status="PASS" signature="tearDownClass()[pri:0, instance:runner.SwLoginRunner@f6c48ac]" name="tearDownClass" is-config="true" duration-ms="274" started-at="2019-01-30T08:24:13Z" finished-at="2019-01-30T08:24:13Z">
          <reporter-output>
          </reporter-output>
        </test-method> <!-- tearDownClass -->
      </class> <!-- runner.SwLoginRunner -->
    </test> <!-- Test -->
  </suite> <!-- Suite -->
</testng-results>
